<?xml version="1.0" encoding="UTF-8"?>
<testng-results ignored="0" total="2" passed="2" failed="0" skipped="0">
  <reporter-output>
  </reporter-output>
  <suite started-at="2026-07-05T22:58:51 IST" name="Default suite" finished-at="2026-07-05T22:58:51 IST" duration-ms="15">
    <groups>
      <group name="J">
        <method signature="JenkinsTest.m1()[pri:0, instance:TestLayer.JenkinsTest@394df057]" name="m1" class="TestLayer.JenkinsTest"/>
        <method signature="JenkinsTest.m2()[pri:0, instance:TestLayer.JenkinsTest@394df057]" name="m2" class="TestLayer.JenkinsTest"/>
      </group> <!-- J -->
    </groups>
    <test started-at="2026-07-05T22:58:51 IST" name="Default test" finished-at="2026-07-05T22:58:51 IST" duration-ms="15">
      <class name="TestLayer.JenkinsTest">
        <test-method signature="m1()[pri:0, instance:TestLayer.JenkinsTest@394df057]" started-at="2026-07-05T22:58:51 IST" name="m1" finished-at="2026-07-05T22:58:51 IST" duration-ms="3" status="PASS">
          <reporter-output>
          </reporter-output>
        </test-method> <!-- m1 -->
        <test-method signature="m2()[pri:0, instance:TestLayer.JenkinsTest@394df057]" started-at="2026-07-05T22:58:51 IST" name="m2" finished-at="2026-07-05T22:58:51 IST" duration-ms="0" status="PASS">
          <reporter-output>
          </reporter-output>
        </test-method> <!-- m2 -->
      </class> <!-- TestLayer.JenkinsTest -->
    </test> <!-- Default test -->
  </suite> <!-- Default suite -->
</testng-results>
