<?xml version="1.0" encoding="UTF-8"?>
<testng-results ignored="0" total="2" passed="0" failed="0" skipped="2">
  <reporter-output>
  </reporter-output>
  <suite started-at="2026-07-05T22:56:37 IST" name="Default suite" finished-at="2026-07-05T22:56:38 IST" duration-ms="217">
    <groups>
      <group name="Regression">
        <method signature="RestWireMockServerPractiseTest.getCallUsingWireMockServer()[pri:0, instance:TestLayer.RestWireMockServerPractiseTest@2e377400]" name="getCallUsingWireMockServer" class="TestLayer.RestWireMockServerPractiseTest"/>
        <method signature="RestWireMockServerPractiseTest.postCallUsingWireMockServer()[pri:0, instance:TestLayer.RestWireMockServerPractiseTest@2e377400]" name="postCallUsingWireMockServer" class="TestLayer.RestWireMockServerPractiseTest"/>
      </group> <!-- Regression -->
    </groups>
    <test started-at="2026-07-05T22:56:37 IST" name="Default test" finished-at="2026-07-05T22:56:38 IST" duration-ms="217">
      <class name="TestLayer.RestWireMockServerPractiseTest">
        <test-method is-config="true" signature="setup()[pri:0, instance:TestLayer.RestWireMockServerPractiseTest@2e377400]" started-at="2026-07-05T22:56:37 IST" name="setup" finished-at="2026-07-05T22:56:38 IST" duration-ms="200" status="FAIL">
          <exception class="com.github.tomakehurst.wiremock.common.FatalStartupException">
            <message>
              <![CDATA[java.lang.RuntimeException: java.io.IOException: Failed to bind to /0.0.0.0:9090]]>
            </message>
            <full-stacktrace>
              <![CDATA[com.github.tomakehurst.wiremock.common.FatalStartupException: java.lang.RuntimeException: java.io.IOException: Failed to bind to /0.0.0.0:9090
at com.github.tomakehurst.wiremock.WireMockServer.start(WireMockServer.java:157)
at TestLayer.RestWireMockServerPractiseTest.setup(RestWireMockServerPractiseTest.java:28)
at java.base/jdk.internal.reflect.DirectMethodHandleAccessor.invoke(DirectMethodHandleAccessor.java:103)
at java.base/java.lang.reflect.Method.invoke(Method.java:580)
at org.testng.internal.invokers.MethodInvocationHelper.invokeMethod(MethodInvocationHelper.java:141)
at org.testng.internal.invokers.MethodInvocationHelper.invokeMethodConsideringTimeout(MethodInvocationHelper.java:71)
at org.testng.internal.invokers.ConfigInvoker.invokeConfigurationMethod(ConfigInvoker.java:400)
at org.testng.internal.invokers.ConfigInvoker.invokeConfigurations(ConfigInvoker.java:333)
at org.testng.internal.invokers.TestInvoker.runConfigMethods(TestInvoker.java:833)
at org.testng.internal.invokers.TestInvoker.invokeMethod(TestInvoker.java:600)
at org.testng.internal.invokers.TestInvoker.invokeTestMethod(TestInvoker.java:230)
at org.testng.internal.invokers.MethodRunner.runInSequence(MethodRunner.java:63)
at org.testng.internal.invokers.TestInvoker$MethodInvocationAgent.invoke(TestInvoker.java:992)
at org.testng.internal.invokers.TestInvoker.invokeTestMethods(TestInvoker.java:203)
at org.testng.internal.invokers.TestMethodWorker.invokeTestMethods(TestMethodWorker.java:154)
at org.testng.internal.invokers.TestMethodWorker.run(TestMethodWorker.java:134)
at java.base/java.util.ArrayList.forEach(ArrayList.java:1596)
at org.testng.TestRunner.privateRun(TestRunner.java:739)
at org.testng.TestRunner.run(TestRunner.java:614)
at org.testng.SuiteRunner.runTest(SuiteRunner.java:421)
at org.testng.SuiteRunner.runSequentially(SuiteRunner.java:413)
at org.testng.SuiteRunner.privateRun(SuiteRunner.java:373)
at org.testng.SuiteRunner.run(SuiteRunner.java:312)
at org.testng.SuiteRunnerWorker.runSuite(SuiteRunnerWorker.java:52)
at org.testng.SuiteRunnerWorker.run(SuiteRunnerWorker.java:95)
at org.testng.TestNG.runSuitesSequentially(TestNG.java:1274)
at org.testng.TestNG.runSuitesLocally(TestNG.java:1208)
at org.testng.TestNG.runSuites(TestNG.java:1112)
at org.testng.TestNG.run(TestNG.java:1079)
at org.testng.remote.AbstractRemoteTestNG.run(AbstractRemoteTestNG.java:115)
at org.testng.remote.RemoteTestNG.initAndRun(RemoteTestNG.java:293)
at org.testng.remote.RemoteTestNG.main(RemoteTestNG.java:91)
Caused by: java.lang.RuntimeException: java.io.IOException: Failed to bind to /0.0.0.0:9090
at com.github.tomakehurst.wiremock.jetty9.JettyHttpServer.start(JettyHttpServer.java:220)
at com.github.tomakehurst.wiremock.WireMockServer.start(WireMockServer.java:155)
... 31 more
Caused by: java.io.IOException: Failed to bind to /0.0.0.0:9090
at org.eclipse.jetty.server.ServerConnector.openAcceptChannel(ServerConnector.java:349)
at org.eclipse.jetty.server.ServerConnector.open(ServerConnector.java:310)
at org.eclipse.jetty.server.AbstractNetworkConnector.doStart(AbstractNetworkConnector.java:80)
at org.eclipse.jetty.server.ServerConnector.doStart(ServerConnector.java:234)
at org.eclipse.jetty.util.component.AbstractLifeCycle.start(AbstractLifeCycle.java:73)
at org.eclipse.jetty.server.Server.doStart(Server.java:401)
at org.eclipse.jetty.util.component.AbstractLifeCycle.start(AbstractLifeCycle.java:73)
at com.github.tomakehurst.wiremock.jetty9.JettyHttpServer.start(JettyHttpServer.java:218)
... 32 more
Caused by: java.net.BindException: Address already in use
at java.base/sun.nio.ch.Net.bind0(Native Method)
at java.base/sun.nio.ch.Net.bind(Net.java:565)
at java.base/sun.nio.ch.ServerSocketChannelImpl.netBind(ServerSocketChannelImpl.java:344)
at java.base/sun.nio.ch.ServerSocketChannelImpl.bind(ServerSocketChannelImpl.java:301)
at java.base/sun.nio.ch.ServerSocketAdaptor.bind(ServerSocketAdaptor.java:89)
at org.eclipse.jetty.server.ServerConnector.openAcceptChannel(ServerConnector.java:344)
... 39 more
]]>
            </full-stacktrace>
          </exception> <!-- com.github.tomakehurst.wiremock.common.FatalStartupException -->
          <reporter-output>
          </reporter-output>
        </test-method> <!-- setup -->
        <test-method signature="getCallUsingWireMockServer()[pri:0, instance:TestLayer.RestWireMockServerPractiseTest@2e377400]" started-at="2026-07-05T22:56:38 IST" name="getCallUsingWireMockServer" finished-at="2026-07-05T22:56:38 IST" duration-ms="0" status="SKIP">
          <exception class="com.github.tomakehurst.wiremock.common.FatalStartupException">
            <message>
              <![CDATA[java.lang.RuntimeException: java.io.IOException: Failed to bind to /0.0.0.0:9090]]>
            </message>
            <full-stacktrace>
              <![CDATA[com.github.tomakehurst.wiremock.common.FatalStartupException: java.lang.RuntimeException: java.io.IOException: Failed to bind to /0.0.0.0:9090
at com.github.tomakehurst.wiremock.WireMockServer.start(WireMockServer.java:157)
at TestLayer.RestWireMockServerPractiseTest.setup(RestWireMockServerPractiseTest.java:28)
at java.base/jdk.internal.reflect.DirectMethodHandleAccessor.invoke(DirectMethodHandleAccessor.java:103)
at java.base/java.lang.reflect.Method.invoke(Method.java:580)
at org.testng.internal.invokers.MethodInvocationHelper.invokeMethod(MethodInvocationHelper.java:141)
at org.testng.internal.invokers.MethodInvocationHelper.invokeMethodConsideringTimeout(MethodInvocationHelper.java:71)
at org.testng.internal.invokers.ConfigInvoker.invokeConfigurationMethod(ConfigInvoker.java:400)
at org.testng.internal.invokers.ConfigInvoker.invokeConfigurations(ConfigInvoker.java:333)
at org.testng.internal.invokers.TestInvoker.runConfigMethods(TestInvoker.java:833)
at org.testng.internal.invokers.TestInvoker.invokeMethod(TestInvoker.java:600)
at org.testng.internal.invokers.TestInvoker.invokeTestMethod(TestInvoker.java:230)
at org.testng.internal.invokers.MethodRunner.runInSequence(MethodRunner.java:63)
at org.testng.internal.invokers.TestInvoker$MethodInvocationAgent.invoke(TestInvoker.java:992)
at org.testng.internal.invokers.TestInvoker.invokeTestMethods(TestInvoker.java:203)
at org.testng.internal.invokers.TestMethodWorker.invokeTestMethods(TestMethodWorker.java:154)
at org.testng.internal.invokers.TestMethodWorker.run(TestMethodWorker.java:134)
at java.base/java.util.ArrayList.forEach(ArrayList.java:1596)
at org.testng.TestRunner.privateRun(TestRunner.java:739)
at org.testng.TestRunner.run(TestRunner.java:614)
at org.testng.SuiteRunner.runTest(SuiteRunner.java:421)
at org.testng.SuiteRunner.runSequentially(SuiteRunner.java:413)
at org.testng.SuiteRunner.privateRun(SuiteRunner.java:373)
at org.testng.SuiteRunner.run(SuiteRunner.java:312)
at org.testng.SuiteRunnerWorker.runSuite(SuiteRunnerWorker.java:52)
at org.testng.SuiteRunnerWorker.run(SuiteRunnerWorker.java:95)
at org.testng.TestNG.runSuitesSequentially(TestNG.java:1274)
at org.testng.TestNG.runSuitesLocally(TestNG.java:1208)
at org.testng.TestNG.runSuites(TestNG.java:1112)
at org.testng.TestNG.run(TestNG.java:1079)
at org.testng.remote.AbstractRemoteTestNG.run(AbstractRemoteTestNG.java:115)
at org.testng.remote.RemoteTestNG.initAndRun(RemoteTestNG.java:293)
at org.testng.remote.RemoteTestNG.main(RemoteTestNG.java:91)
Caused by: java.lang.RuntimeException: java.io.IOException: Failed to bind to /0.0.0.0:9090
at com.github.tomakehurst.wiremock.jetty9.JettyHttpServer.start(JettyHttpServer.java:220)
at com.github.tomakehurst.wiremock.WireMockServer.start(WireMockServer.java:155)
... 31 more
Caused by: java.io.IOException: Failed to bind to /0.0.0.0:9090
at org.eclipse.jetty.server.ServerConnector.openAcceptChannel(ServerConnector.java:349)
at org.eclipse.jetty.server.ServerConnector.open(ServerConnector.java:310)
at org.eclipse.jetty.server.AbstractNetworkConnector.doStart(AbstractNetworkConnector.java:80)
at org.eclipse.jetty.server.ServerConnector.doStart(ServerConnector.java:234)
at org.eclipse.jetty.util.component.AbstractLifeCycle.start(AbstractLifeCycle.java:73)
at org.eclipse.jetty.server.Server.doStart(Server.java:401)
at org.eclipse.jetty.util.component.AbstractLifeCycle.start(AbstractLifeCycle.java:73)
at com.github.tomakehurst.wiremock.jetty9.JettyHttpServer.start(JettyHttpServer.java:218)
... 32 more
Caused by: java.net.BindException: Address already in use
at java.base/sun.nio.ch.Net.bind0(Native Method)
at java.base/sun.nio.ch.Net.bind(Net.java:565)
at java.base/sun.nio.ch.ServerSocketChannelImpl.netBind(ServerSocketChannelImpl.java:344)
at java.base/sun.nio.ch.ServerSocketChannelImpl.bind(ServerSocketChannelImpl.java:301)
at java.base/sun.nio.ch.ServerSocketAdaptor.bind(ServerSocketAdaptor.java:89)
at org.eclipse.jetty.server.ServerConnector.openAcceptChannel(ServerConnector.java:344)
... 39 more
]]>
            </full-stacktrace>
          </exception> <!-- com.github.tomakehurst.wiremock.common.FatalStartupException -->
          <reporter-output>
          </reporter-output>
        </test-method> <!-- getCallUsingWireMockServer -->
        <test-method is-config="true" signature="tearDown()[pri:0, instance:TestLayer.RestWireMockServerPractiseTest@2e377400]" started-at="2026-07-05T22:56:38 IST" name="tearDown" finished-at="2026-07-05T22:56:38 IST" duration-ms="0" status="SKIP">
          <reporter-output>
          </reporter-output>
        </test-method> <!-- tearDown -->
        <test-method signature="postCallUsingWireMockServer()[pri:0, instance:TestLayer.RestWireMockServerPractiseTest@2e377400]" started-at="2026-07-05T22:56:38 IST" name="postCallUsingWireMockServer" finished-at="2026-07-05T22:56:38 IST" duration-ms="0" status="SKIP">
          <exception class="com.github.tomakehurst.wiremock.common.FatalStartupException">
            <message>
              <![CDATA[java.lang.RuntimeException: java.io.IOException: Failed to bind to /0.0.0.0:9090]]>
            </message>
            <full-stacktrace>
              <![CDATA[com.github.tomakehurst.wiremock.common.FatalStartupException: java.lang.RuntimeException: java.io.IOException: Failed to bind to /0.0.0.0:9090
at com.github.tomakehurst.wiremock.WireMockServer.start(WireMockServer.java:157)
at TestLayer.RestWireMockServerPractiseTest.setup(RestWireMockServerPractiseTest.java:28)
at java.base/jdk.internal.reflect.DirectMethodHandleAccessor.invoke(DirectMethodHandleAccessor.java:103)
at java.base/java.lang.reflect.Method.invoke(Method.java:580)
at org.testng.internal.invokers.MethodInvocationHelper.invokeMethod(MethodInvocationHelper.java:141)
at org.testng.internal.invokers.MethodInvocationHelper.invokeMethodConsideringTimeout(MethodInvocationHelper.java:71)
at org.testng.internal.invokers.ConfigInvoker.invokeConfigurationMethod(ConfigInvoker.java:400)
at org.testng.internal.invokers.ConfigInvoker.invokeConfigurations(ConfigInvoker.java:333)
at org.testng.internal.invokers.TestInvoker.runConfigMethods(TestInvoker.java:833)
at org.testng.internal.invokers.TestInvoker.invokeMethod(TestInvoker.java:600)
at org.testng.internal.invokers.TestInvoker.invokeTestMethod(TestInvoker.java:230)
at org.testng.internal.invokers.MethodRunner.runInSequence(MethodRunner.java:63)
at org.testng.internal.invokers.TestInvoker$MethodInvocationAgent.invoke(TestInvoker.java:992)
at org.testng.internal.invokers.TestInvoker.invokeTestMethods(TestInvoker.java:203)
at org.testng.internal.invokers.TestMethodWorker.invokeTestMethods(TestMethodWorker.java:154)
at org.testng.internal.invokers.TestMethodWorker.run(TestMethodWorker.java:134)
at java.base/java.util.ArrayList.forEach(ArrayList.java:1596)
at org.testng.TestRunner.privateRun(TestRunner.java:739)
at org.testng.TestRunner.run(TestRunner.java:614)
at org.testng.SuiteRunner.runTest(SuiteRunner.java:421)
at org.testng.SuiteRunner.runSequentially(SuiteRunner.java:413)
at org.testng.SuiteRunner.privateRun(SuiteRunner.java:373)
at org.testng.SuiteRunner.run(SuiteRunner.java:312)
at org.testng.SuiteRunnerWorker.runSuite(SuiteRunnerWorker.java:52)
at org.testng.SuiteRunnerWorker.run(SuiteRunnerWorker.java:95)
at org.testng.TestNG.runSuitesSequentially(TestNG.java:1274)
at org.testng.TestNG.runSuitesLocally(TestNG.java:1208)
at org.testng.TestNG.runSuites(TestNG.java:1112)
at org.testng.TestNG.run(TestNG.java:1079)
at org.testng.remote.AbstractRemoteTestNG.run(AbstractRemoteTestNG.java:115)
at org.testng.remote.RemoteTestNG.initAndRun(RemoteTestNG.java:293)
at org.testng.remote.RemoteTestNG.main(RemoteTestNG.java:91)
Caused by: java.lang.RuntimeException: java.io.IOException: Failed to bind to /0.0.0.0:9090
at com.github.tomakehurst.wiremock.jetty9.JettyHttpServer.start(JettyHttpServer.java:220)
at com.github.tomakehurst.wiremock.WireMockServer.start(WireMockServer.java:155)
... 31 more
Caused by: java.io.IOException: Failed to bind to /0.0.0.0:9090
at org.eclipse.jetty.server.ServerConnector.openAcceptChannel(ServerConnector.java:349)
at org.eclipse.jetty.server.ServerConnector.open(ServerConnector.java:310)
at org.eclipse.jetty.server.AbstractNetworkConnector.doStart(AbstractNetworkConnector.java:80)
at org.eclipse.jetty.server.ServerConnector.doStart(ServerConnector.java:234)
at org.eclipse.jetty.util.component.AbstractLifeCycle.start(AbstractLifeCycle.java:73)
at org.eclipse.jetty.server.Server.doStart(Server.java:401)
at org.eclipse.jetty.util.component.AbstractLifeCycle.start(AbstractLifeCycle.java:73)
at com.github.tomakehurst.wiremock.jetty9.JettyHttpServer.start(JettyHttpServer.java:218)
... 32 more
Caused by: java.net.BindException: Address already in use
at java.base/sun.nio.ch.Net.bind0(Native Method)
at java.base/sun.nio.ch.Net.bind(Net.java:565)
at java.base/sun.nio.ch.ServerSocketChannelImpl.netBind(ServerSocketChannelImpl.java:344)
at java.base/sun.nio.ch.ServerSocketChannelImpl.bind(ServerSocketChannelImpl.java:301)
at java.base/sun.nio.ch.ServerSocketAdaptor.bind(ServerSocketAdaptor.java:89)
at org.eclipse.jetty.server.ServerConnector.openAcceptChannel(ServerConnector.java:344)
... 39 more
]]>
            </full-stacktrace>
          </exception> <!-- com.github.tomakehurst.wiremock.common.FatalStartupException -->
          <reporter-output>
          </reporter-output>
        </test-method> <!-- postCallUsingWireMockServer -->
        <test-method is-config="true" signature="setup()[pri:0, instance:TestLayer.RestWireMockServerPractiseTest@2e377400]" started-at="2026-07-05T22:56:38 IST" name="setup" finished-at="2026-07-05T22:56:38 IST" duration-ms="0" status="SKIP">
          <reporter-output>
          </reporter-output>
        </test-method> <!-- setup -->
        <test-method is-config="true" signature="tearDown()[pri:0, instance:TestLayer.RestWireMockServerPractiseTest@2e377400]" started-at="2026-07-05T22:56:38 IST" name="tearDown" finished-at="2026-07-05T22:56:38 IST" duration-ms="0" status="SKIP">
          <reporter-output>
          </reporter-output>
        </test-method> <!-- tearDown -->
      </class> <!-- TestLayer.RestWireMockServerPractiseTest -->
    </test> <!-- Default test -->
  </suite> <!-- Default suite -->
</testng-results>
