<?xml version="1.0" encoding="UTF-8"?>
<!-- Generated by org.testng.reporters.JUnitXMLReporter -->
<testsuite ignored="2" hostname="Sudips-MacBook-Air.local" failures="0" tests="1" name="Default test" time="0.459" errors="0" timestamp="2026-07-01T12:40:17 IST">
  <testcase classname="TestLayer.SyntaxForInterview" name="readExternalJson_PostCall" time="0.447"/>
  <testcase classname="TestLayer.SyntaxForInterview" name="postCall" time="0.0">
    <ignored/>
  </testcase> <!-- postCall -->
  <testcase classname="TestLayer.SyntaxForInterview" name="getCall" time="0.0">
    <ignored/>
  </testcase> <!-- getCall -->
</testsuite> <!-- Default test -->
