<?xml version="1.0" encoding="UTF-8"?>
<!-- Generated by org.testng.reporters.JUnitXMLReporter -->
<testsuite ignored="1" hostname="Sudips-MacBook-Air.local" failures="0" tests="1" name="Default test" time="0.802" errors="0" timestamp="2026-07-05T22:48:53 IST">
  <testcase classname="TestLayer.RestWireMockServerPractiseTest" name="getCallUsingWireMockServer" time="0.58"/>
  <testcase classname="TestLayer.RestWireMockServerPractiseTest" name="postCallUsingWireMockServer" time="0.0">
    <ignored/>
  </testcase> <!-- postCallUsingWireMockServer -->
</testsuite> <!-- Default test -->
